[debug] [2021-03-07T10:51:49.104Z] ----------------------------------------------------------------------
[debug] [2021-03-07T10:51:49.105Z] Command:       C:\Program Files\nodejs\node.exe C:\Users\jeann\AppData\Roaming\npm\node_modules\firebase-tools\lib\bin\firebase.js init
[debug] [2021-03-07T10:51:49.106Z] CLI Version:   9.3.0
[debug] [2021-03-07T10:51:49.106Z] Platform:      win32
[debug] [2021-03-07T10:51:49.106Z] Node Version:  v14.15.4
[debug] [2021-03-07T10:51:49.116Z] Time:          Sun Mar 07 2021 11:51:49 GMT+0100 (heure normale d’Europe centrale)
[debug] [2021-03-07T10:51:49.116Z] ----------------------------------------------------------------------
[debug] [2021-03-07T10:51:49.117Z] 
[debug] [2021-03-07T10:51:49.119Z] >>> [apiv2][query] GET https://firebase-public.firebaseio.com/cli.json [none]
[debug] [2021-03-07T10:51:49.138Z] > command requires scopes: ["email","openid","https://www.googleapis.com/auth/cloudplatformprojects.readonly","https://www.googleapis.com/auth/firebase","https://www.googleapis.com/auth/cloud-platform"]
[debug] [2021-03-07T10:51:49.138Z] > authorizing via signed-in user
[info] 
     ######## #### ########  ######## ########     ###     ######  ########
     ##        ##  ##     ## ##       ##     ##  ##   ##  ##       ##
     ######    ##  ########  ######   ########  #########  ######  ######
     ##        ##  ##    ##  ##       ##     ## ##     ##       ## ##
     ##       #### ##     ## ######## ########  ##     ##  ######  ########

You're about to initialize a Firebase project in this directory:

  C:\wamp\www\where-to-eat

Before we get started, keep in mind:

  * You are currently outside your home directory
  * You are initializing in an existing Firebase project directory

[debug] [2021-03-07T10:51:49.937Z] <<< [apiv2][status] GET https://firebase-public.firebaseio.com/cli.json 200
[debug] [2021-03-07T10:51:49.937Z] <<< [apiv2][body] GET https://firebase-public.firebaseio.com/cli.json {"cloudBuildErrorAfter":1594252800000,"cloudBuildWarnAfter":1590019200000,"defaultNode10After":1594252800000,"minVersion":"3.0.5","node8DeploysDisabledAfter":1613390400000,"node8RuntimeDisabledAfter":1615809600000,"node8WarnAfter":1600128000000}
